D:\.NET\BooksRevApp\BooksRevApp\BooksRevApp\ClientApp\dist\out-tsc\e2e\src\app.po.js
D:\.NET\BooksRevApp\BooksRevApp\BooksRevApp\ClientApp\dist\out-tsc\e2e\src\app.po.js.map
D:\.NET\BooksRevApp\BooksRevApp\BooksRevApp\ClientApp\dist\out-tsc\e2e\src\app.e2e-spec.js
D:\.NET\BooksRevApp\BooksRevApp\BooksRevApp\ClientApp\dist\out-tsc\e2e\src\app.e2e-spec.js.map
D:\.NET\BooksRevApp\BooksRevApp\BooksRevApp\ClientApp\dist\out-tsc\src\app\model\user\user.js
D:\.NET\BooksRevApp\BooksRevApp\BooksRevApp\ClientApp\dist\out-tsc\src\app\model\user\user.js.map
D:\.NET\BooksRevApp\BooksRevApp\BooksRevApp\ClientApp\dist\out-tsc\src\environments\environment.js
D:\.NET\BooksRevApp\BooksRevApp\BooksRevApp\ClientApp\dist\out-tsc\src\environments\environment.js.map
D:\.NET\BooksRevApp\BooksRevApp\BooksRevApp\ClientApp\dist\out-tsc\src\app\service\alertify.service.js
D:\.NET\BooksRevApp\BooksRevApp\BooksRevApp\ClientApp\dist\out-tsc\src\app\service\alertify.service.js.map
D:\.NET\BooksRevApp\BooksRevApp\BooksRevApp\ClientApp\dist\out-tsc\src\app\model\book\book.js
D:\.NET\BooksRevApp\BooksRevApp\BooksRevApp\ClientApp\dist\out-tsc\src\app\model\book\book.js.map
D:\.NET\BooksRevApp\BooksRevApp\BooksRevApp\ClientApp\dist\out-tsc\src\app\service\auth.service.js
D:\.NET\BooksRevApp\BooksRevApp\BooksRevApp\ClientApp\dist\out-tsc\src\app\service\auth.service.js.map
D:\.NET\BooksRevApp\BooksRevApp\BooksRevApp\ClientApp\dist\out-tsc\src\app\app.component.js
D:\.NET\BooksRevApp\BooksRevApp\BooksRevApp\ClientApp\dist\out-tsc\src\app\app.component.js.map
D:\.NET\BooksRevApp\BooksRevApp\BooksRevApp\ClientApp\dist\out-tsc\src\app\model\comment\comment.js
D:\.NET\BooksRevApp\BooksRevApp\BooksRevApp\ClientApp\dist\out-tsc\src\app\model\comment\comment.js.map
D:\.NET\BooksRevApp\BooksRevApp\BooksRevApp\ClientApp\dist\out-tsc\src\app\model\book\bookDetail.js
D:\.NET\BooksRevApp\BooksRevApp\BooksRevApp\ClientApp\dist\out-tsc\src\app\model\book\bookDetail.js.map
D:\.NET\BooksRevApp\BooksRevApp\BooksRevApp\ClientApp\dist\out-tsc\src\app\model\user\user-rating.js
D:\.NET\BooksRevApp\BooksRevApp\BooksRevApp\ClientApp\dist\out-tsc\src\app\model\user\user-rating.js.map
D:\.NET\BooksRevApp\BooksRevApp\BooksRevApp\ClientApp\dist\out-tsc\src\app\service\book.service.js
D:\.NET\BooksRevApp\BooksRevApp\BooksRevApp\ClientApp\dist\out-tsc\src\app\service\book.service.js.map
D:\.NET\BooksRevApp\BooksRevApp\BooksRevApp\ClientApp\dist\out-tsc\src\app\component\book-list\book-list.component.js
D:\.NET\BooksRevApp\BooksRevApp\BooksRevApp\ClientApp\dist\out-tsc\src\app\component\book-list\book-list.component.js.map
D:\.NET\BooksRevApp\BooksRevApp\BooksRevApp\ClientApp\dist\out-tsc\src\app\home\home.component.js
D:\.NET\BooksRevApp\BooksRevApp\BooksRevApp\ClientApp\dist\out-tsc\src\app\home\home.component.js.map
D:\.NET\BooksRevApp\BooksRevApp\BooksRevApp\ClientApp\dist\out-tsc\src\app\model\comment\commentForApproval.js
D:\.NET\BooksRevApp\BooksRevApp\BooksRevApp\ClientApp\dist\out-tsc\src\app\model\comment\commentForApproval.js.map
D:\.NET\BooksRevApp\BooksRevApp\BooksRevApp\ClientApp\dist\out-tsc\src\app\service\comment.service.js
D:\.NET\BooksRevApp\BooksRevApp\BooksRevApp\ClientApp\dist\out-tsc\src\app\service\comment.service.js.map
D:\.NET\BooksRevApp\BooksRevApp\BooksRevApp\ClientApp\dist\out-tsc\src\app\component\book-details\book-details.component.js
D:\.NET\BooksRevApp\BooksRevApp\BooksRevApp\ClientApp\dist\out-tsc\src\app\component\book-details\book-details.component.js.map
D:\.NET\BooksRevApp\BooksRevApp\BooksRevApp\ClientApp\dist\out-tsc\src\app\login\login.component.js
D:\.NET\BooksRevApp\BooksRevApp\BooksRevApp\ClientApp\dist\out-tsc\src\app\login\login.component.js.map
D:\.NET\BooksRevApp\BooksRevApp\BooksRevApp\ClientApp\dist\out-tsc\src\app\validators\custom-validators.js
D:\.NET\BooksRevApp\BooksRevApp\BooksRevApp\ClientApp\dist\out-tsc\src\app\validators\custom-validators.js.map
D:\.NET\BooksRevApp\BooksRevApp\BooksRevApp\ClientApp\dist\out-tsc\src\app\sign-up\sign-up.component.js
D:\.NET\BooksRevApp\BooksRevApp\BooksRevApp\ClientApp\dist\out-tsc\src\app\sign-up\sign-up.component.js.map
D:\.NET\BooksRevApp\BooksRevApp\BooksRevApp\ClientApp\dist\out-tsc\src\app\component\user-profile\user-profile.component.js
D:\.NET\BooksRevApp\BooksRevApp\BooksRevApp\ClientApp\dist\out-tsc\src\app\component\user-profile\user-profile.component.js.map
D:\.NET\BooksRevApp\BooksRevApp\BooksRevApp\ClientApp\dist\out-tsc\src\app\approve-comments\approve-comments.component.js
D:\.NET\BooksRevApp\BooksRevApp\BooksRevApp\ClientApp\dist\out-tsc\src\app\approve-comments\approve-comments.component.js.map
D:\.NET\BooksRevApp\BooksRevApp\BooksRevApp\ClientApp\dist\out-tsc\src\app\service\auth-guard-child.service.js
D:\.NET\BooksRevApp\BooksRevApp\BooksRevApp\ClientApp\dist\out-tsc\src\app\service\auth-guard-child.service.js.map
D:\.NET\BooksRevApp\BooksRevApp\BooksRevApp\ClientApp\dist\out-tsc\src\app\forgot-password\forgot-password.component.js
D:\.NET\BooksRevApp\BooksRevApp\BooksRevApp\ClientApp\dist\out-tsc\src\app\forgot-password\forgot-password.component.js.map
D:\.NET\BooksRevApp\BooksRevApp\BooksRevApp\ClientApp\dist\out-tsc\src\app\component\add-book\add-book.component.js
D:\.NET\BooksRevApp\BooksRevApp\BooksRevApp\ClientApp\dist\out-tsc\src\app\component\add-book\add-book.component.js.map
D:\.NET\BooksRevApp\BooksRevApp\BooksRevApp\ClientApp\dist\out-tsc\src\app\app-routing.module.js
D:\.NET\BooksRevApp\BooksRevApp\BooksRevApp\ClientApp\dist\out-tsc\src\app\app-routing.module.js.map
D:\.NET\BooksRevApp\BooksRevApp\BooksRevApp\ClientApp\dist\out-tsc\src\app\component\book-upsert\book-upsert.component.js
D:\.NET\BooksRevApp\BooksRevApp\BooksRevApp\ClientApp\dist\out-tsc\src\app\component\book-upsert\book-upsert.component.js.map
D:\.NET\BooksRevApp\BooksRevApp\BooksRevApp\ClientApp\dist\out-tsc\src\app\nav-menu\nav-menu.component.js
D:\.NET\BooksRevApp\BooksRevApp\BooksRevApp\ClientApp\dist\out-tsc\src\app\nav-menu\nav-menu.component.js.map
D:\.NET\BooksRevApp\BooksRevApp\BooksRevApp\ClientApp\dist\out-tsc\src\app\service\error.interceptor.js
D:\.NET\BooksRevApp\BooksRevApp\BooksRevApp\ClientApp\dist\out-tsc\src\app\service\error.interceptor.js.map
D:\.NET\BooksRevApp\BooksRevApp\BooksRevApp\ClientApp\dist\out-tsc\src\app\_directives\hasRole.directive.js
D:\.NET\BooksRevApp\BooksRevApp\BooksRevApp\ClientApp\dist\out-tsc\src\app\_directives\hasRole.directive.js.map
D:\.NET\BooksRevApp\BooksRevApp\BooksRevApp\ClientApp\dist\out-tsc\src\app\component\add-comment\add-comment.component.js
D:\.NET\BooksRevApp\BooksRevApp\BooksRevApp\ClientApp\dist\out-tsc\src\app\component\add-comment\add-comment.component.js.map
D:\.NET\BooksRevApp\BooksRevApp\BooksRevApp\ClientApp\dist\out-tsc\src\app\component\update-comments\update-comments.component.js
D:\.NET\BooksRevApp\BooksRevApp\BooksRevApp\ClientApp\dist\out-tsc\src\app\component\update-comments\update-comments.component.js.map
D:\.NET\BooksRevApp\BooksRevApp\BooksRevApp\ClientApp\dist\out-tsc\src\app\_shared\angular-material.module.js
D:\.NET\BooksRevApp\BooksRevApp\BooksRevApp\ClientApp\dist\out-tsc\src\app\_shared\angular-material.module.js.map
D:\.NET\BooksRevApp\BooksRevApp\BooksRevApp\ClientApp\dist\out-tsc\src\app\app.module.js
D:\.NET\BooksRevApp\BooksRevApp\BooksRevApp\ClientApp\dist\out-tsc\src\app\app.module.js.map
D:\.NET\BooksRevApp\BooksRevApp\BooksRevApp\ClientApp\dist\out-tsc\src\main.js
D:\.NET\BooksRevApp\BooksRevApp\BooksRevApp\ClientApp\dist\out-tsc\src\main.js.map
D:\.NET\BooksRevApp\BooksRevApp\BooksRevApp\ClientApp\dist\out-tsc\src\polyfills.js
D:\.NET\BooksRevApp\BooksRevApp\BooksRevApp\ClientApp\dist\out-tsc\src\polyfills.js.map
D:\.NET\BooksRevApp\BooksRevApp\BooksRevApp\ClientApp\dist\out-tsc\src\test.js
D:\.NET\BooksRevApp\BooksRevApp\BooksRevApp\ClientApp\dist\out-tsc\src\test.js.map
D:\.NET\BooksRevApp\BooksRevApp\BooksRevApp\ClientApp\dist\out-tsc\src\app\app.component.spec.js
D:\.NET\BooksRevApp\BooksRevApp\BooksRevApp\ClientApp\dist\out-tsc\src\app\app.component.spec.js.map
D:\.NET\BooksRevApp\BooksRevApp\BooksRevApp\ClientApp\dist\out-tsc\src\app\nav-menu\nav-menu.component.spec.js
D:\.NET\BooksRevApp\BooksRevApp\BooksRevApp\ClientApp\dist\out-tsc\src\app\nav-menu\nav-menu.component.spec.js.map
D:\.NET\BooksRevApp\BooksRevApp\BooksRevApp\ClientApp\dist\out-tsc\src\environments\environment.prod.js
D:\.NET\BooksRevApp\BooksRevApp\BooksRevApp\ClientApp\dist\out-tsc\src\environments\environment.prod.js.map
